{"C:\\Users\\wilro\\vscode\\JS\\Projetos\\001-JS_Projects\\Ignite_Lab\\notifications-service\\src\\app.module.ts": {"path":"C:\\Users\\wilro\\vscode\\JS\\Projetos\\001-JS_Projects\\Ignite_Lab\\notifications-service\\src\\app.module.ts","statementMap":{"0":{"start":{"line":1,"column":0},"end":{"line":1,"column":40}},"1":{"start":{"line":2,"column":0},"end":{"line":2,"column":54}},"2":{"start":{"line":3,"column":0},"end":{"line":3,"column":66}},"3":{"start":{"line":8,"column":7},"end":{"line":8,"column":null}},"4":{"start":{"line":8,"column":13},"end":{"line":8,"column":null}},"5":{"start":{"line":8,"column":13},"end":{"line":8,"column":22}}},"fnMap":{},"branchMap":{},"s":{"0":0,"1":0,"2":0,"3":0,"4":0,"5":0},"f":{},"b":{}}
,"C:\\Users\\wilro\\vscode\\JS\\Projetos\\001-JS_Projects\\Ignite_Lab\\notifications-service\\src\\main.ts": {"path":"C:\\Users\\wilro\\vscode\\JS\\Projetos\\001-JS_Projects\\Ignite_Lab\\notifications-service\\src\\main.ts","statementMap":{"0":{"start":{"line":1,"column":0},"end":{"line":1,"column":48}},"1":{"start":{"line":2,"column":0},"end":{"line":2,"column":43}},"2":{"start":{"line":3,"column":0},"end":{"line":3,"column":54}},"3":{"start":{"line":6,"column":14},"end":{"line":6,"column":50}},"4":{"start":{"line":8,"column":2},"end":{"line":8,"column":43}},"5":{"start":{"line":10,"column":2},"end":{"line":10,"column":25}},"6":{"start":{"line":12,"column":0},"end":{"line":12,"column":12}}},"fnMap":{"0":{"name":"bootstrap","decl":{"start":{"line":5,"column":15},"end":{"line":5,"column":24}},"loc":{"start":{"line":5,"column":24},"end":{"line":11,"column":1}}}},"branchMap":{},"s":{"0":0,"1":0,"2":0,"3":0,"4":0,"5":0,"6":0},"f":{"0":0},"b":{}}
,"C:\\Users\\wilro\\vscode\\JS\\Projetos\\001-JS_Projects\\Ignite_Lab\\notifications-service\\src\\applications\\entities\\content.ts": {"path":"C:\\Users\\wilro\\vscode\\JS\\Projetos\\001-JS_Projects\\Ignite_Lab\\notifications-service\\src\\applications\\entities\\content.ts","statementMap":{"0":{"start":{"line":5,"column":4},"end":{"line":5,"column":24}},"1":{"start":{"line":9,"column":4},"end":{"line":9,"column":56}},"2":{"start":{"line":12,"column":33},"end":{"line":12,"column":68}},"3":{"start":{"line":13,"column":4},"end":{"line":15,"column":null}},"4":{"start":{"line":14,"column":6},"end":{"line":14,"column":47}},"5":{"start":{"line":17,"column":4},"end":{"line":17,"column":27}},"6":{"start":{"line":1,"column":0},"end":{"line":1,"column":13}}},"fnMap":{"0":{"name":"(anonymous_0)","decl":{"start":{"line":4,"column":2},"end":{"line":4,"column":6}},"loc":{"start":{"line":4,"column":11},"end":{"line":6,"column":3}}},"1":{"name":"(anonymous_1)","decl":{"start":{"line":8,"column":10},"end":{"line":8,"column":31}},"loc":{"start":{"line":8,"column":47},"end":{"line":10,"column":3}}},"2":{"name":"(anonymous_2)","decl":{"start":{"line":11,"column":2},"end":{"line":11,"column":14}},"loc":{"start":{"line":11,"column":29},"end":{"line":18,"column":3}}}},"branchMap":{"0":{"loc":{"start":{"line":9,"column":11},"end":{"line":9,"column":55}},"type":"binary-expr","locations":[{"start":{"line":9,"column":11},"end":{"line":9,"column":30}},{"start":{"line":9,"column":34},"end":{"line":9,"column":55}}]},"1":{"loc":{"start":{"line":13,"column":4},"end":{"line":15,"column":null}},"type":"if","locations":[{"start":{"line":13,"column":4},"end":{"line":15,"column":null}}]}},"s":{"0":0,"1":5,"2":5,"3":5,"4":2,"5":3,"6":3},"f":{"0":0,"1":5,"2":5},"b":{"0":[5,4],"1":[2]}}
,"C:\\Users\\wilro\\vscode\\JS\\Projetos\\001-JS_Projects\\Ignite_Lab\\notifications-service\\src\\applications\\entities\\notifications.ts": {"path":"C:\\Users\\wilro\\vscode\\JS\\Projetos\\001-JS_Projects\\Ignite_Lab\\notifications-service\\src\\applications\\entities\\notifications.ts","statementMap":{"0":{"start":{"line":3,"column":0},"end":{"line":3,"column":41}},"1":{"start":{"line":20,"column":4},"end":{"line":20,"column":28}},"2":{"start":{"line":21,"column":4},"end":{"line":24,"column":6}},"3":{"start":{"line":27,"column":4},"end":{"line":27,"column":20}},"4":{"start":{"line":30,"column":4},"end":{"line":30,"column":41}},"5":{"start":{"line":34,"column":4},"end":{"line":34,"column":34}},"6":{"start":{"line":38,"column":4},"end":{"line":38,"column":33}},"7":{"start":{"line":42,"column":4},"end":{"line":42,"column":30}},"8":{"start":{"line":46,"column":4},"end":{"line":46,"column":35}},"9":{"start":{"line":50,"column":4},"end":{"line":50,"column":31}},"10":{"start":{"line":54,"column":4},"end":{"line":54,"column":31}},"11":{"start":{"line":58,"column":4},"end":{"line":58,"column":29}},"12":{"start":{"line":62,"column":4},"end":{"line":62,"column":32}},"13":{"start":{"line":15,"column":0},"end":{"line":15,"column":13}}},"fnMap":{"0":{"name":"(anonymous_0)","decl":{"start":{"line":19,"column":2},"end":{"line":19,"column":14}},"loc":{"start":{"line":19,"column":69},"end":{"line":25,"column":3}}},"1":{"name":"(anonymous_1)","decl":{"start":{"line":26,"column":2},"end":{"line":26,"column":13}},"loc":{"start":{"line":26,"column":15},"end":{"line":28,"column":3}}},"2":{"name":"(anonymous_2)","decl":{"start":{"line":29,"column":2},"end":{"line":29,"column":13}},"loc":{"start":{"line":29,"column":44},"end":{"line":31,"column":3}}},"3":{"name":"(anonymous_3)","decl":{"start":{"line":33,"column":2},"end":{"line":33,"column":13}},"loc":{"start":{"line":33,"column":24},"end":{"line":35,"column":3}}},"4":{"name":"(anonymous_4)","decl":{"start":{"line":37,"column":2},"end":{"line":37,"column":13}},"loc":{"start":{"line":37,"column":37},"end":{"line":39,"column":3}}},"5":{"name":"(anonymous_5)","decl":{"start":{"line":41,"column":2},"end":{"line":41,"column":13}},"loc":{"start":{"line":41,"column":20},"end":{"line":43,"column":3}}},"6":{"name":"(anonymous_6)","decl":{"start":{"line":45,"column":2},"end":{"line":45,"column":13}},"loc":{"start":{"line":45,"column":38},"end":{"line":47,"column":3}}},"7":{"name":"(anonymous_7)","decl":{"start":{"line":49,"column":2},"end":{"line":49,"column":13}},"loc":{"start":{"line":49,"column":21},"end":{"line":51,"column":3}}},"8":{"name":"(anonymous_8)","decl":{"start":{"line":53,"column":2},"end":{"line":53,"column":13}},"loc":{"start":{"line":53,"column":51},"end":{"line":55,"column":3}}},"9":{"name":"(anonymous_9)","decl":{"start":{"line":57,"column":2},"end":{"line":57,"column":13}},"loc":{"start":{"line":57,"column":19},"end":{"line":59,"column":3}}},"10":{"name":"(anonymous_10)","decl":{"start":{"line":61,"column":2},"end":{"line":61,"column":13}},"loc":{"start":{"line":61,"column":22},"end":{"line":63,"column":3}}}},"branchMap":{"0":{"loc":{"start":{"line":23,"column":17},"end":{"line":23,"column":46}},"type":"cond-expr","locations":[{"start":{"line":23,"column":32},"end":{"line":23,"column":36}},{"start":{"line":23,"column":36},"end":{"line":23,"column":46}}]},"1":{"loc":{"start":{"line":23,"column":17},"end":{"line":23,"column":36}},"type":"binary-expr","locations":[{"start":{"line":23,"column":17},"end":{"line":23,"column":36}},{"start":{"line":23,"column":32},"end":{"line":23,"column":36}}]}},"s":{"0":2,"1":2,"2":2,"3":0,"4":0,"5":0,"6":0,"7":0,"8":0,"9":0,"10":0,"11":0,"12":0,"13":2},"f":{"0":2,"1":0,"2":0,"3":0,"4":0,"5":0,"6":0,"7":0,"8":0,"9":0,"10":0},"b":{"0":[1,1],"1":[2,2]}}
,"C:\\Users\\wilro\\vscode\\JS\\Projetos\\001-JS_Projects\\Ignite_Lab\\notifications-service\\src\\applications\\repositories\\notification-repository.ts": {"path":"C:\\Users\\wilro\\vscode\\JS\\Projetos\\001-JS_Projects\\Ignite_Lab\\notifications-service\\src\\applications\\repositories\\notification-repository.ts","statementMap":{"0":{"start":{"line":3,"column":0},"end":{"line":3,"column":22}}},"fnMap":{},"branchMap":{},"s":{"0":1},"f":{},"b":{}}
,"C:\\Users\\wilro\\vscode\\JS\\Projetos\\001-JS_Projects\\Ignite_Lab\\notifications-service\\src\\applications\\use-cases\\send-notification.ts": {"path":"C:\\Users\\wilro\\vscode\\JS\\Projetos\\001-JS_Projects\\Ignite_Lab\\notifications-service\\src\\applications\\use-cases\\send-notification.ts","statementMap":{"0":{"start":{"line":1,"column":0},"end":{"line":1,"column":57}},"1":{"start":{"line":2,"column":0},"end":{"line":2,"column":46}},"2":{"start":{"line":3,"column":0},"end":{"line":3,"column":82}},"3":{"start":{"line":4,"column":0},"end":{"line":4,"column":44}},"4":{"start":{"line":17,"column":7},"end":{"line":37,"column":null}},"5":{"start":{"line":18,"column":22},"end":{"line":18,"column":47}},"6":{"start":{"line":23,"column":47},"end":{"line":23,"column":54}},"7":{"start":{"line":25,"column":25},"end":{"line":29,"column":6}},"8":{"start":{"line":31,"column":4},"end":{"line":31,"column":60}},"9":{"start":{"line":33,"column":4},"end":{"line":35,"column":6}},"10":{"start":{"line":17,"column":13},"end":{"line":37,"column":null}},"11":{"start":{"line":17,"column":13},"end":{"line":17,"column":29}}},"fnMap":{"0":{"name":"(anonymous_2)","decl":{"start":{"line":18,"column":2},"end":{"line":18,"column":22}},"loc":{"start":{"line":18,"column":70},"end":{"line":18,"column":74}}},"1":{"name":"(anonymous_3)","decl":{"start":{"line":20,"column":2},"end":{"line":20,"column":7}},"loc":{"start":{"line":21,"column":36},"end":{"line":36,"column":3}}}},"branchMap":{},"s":{"0":1,"1":1,"2":1,"3":1,"4":1,"5":1,"6":1,"7":1,"8":1,"9":1,"10":1,"11":1},"f":{"0":1,"1":1},"b":{}}
,"C:\\Users\\wilro\\vscode\\JS\\Projetos\\001-JS_Projects\\Ignite_Lab\\notifications-service\\src\\infra\\database\\database.module.ts": {"path":"C:\\Users\\wilro\\vscode\\JS\\Projetos\\001-JS_Projects\\Ignite_Lab\\notifications-service\\src\\infra\\database\\database.module.ts","statementMap":{"0":{"start":{"line":1,"column":0},"end":{"line":1,"column":40}},"1":{"start":{"line":2,"column":0},"end":{"line":2,"column":96}},"2":{"start":{"line":3,"column":0},"end":{"line":3,"column":56}},"3":{"start":{"line":4,"column":0},"end":{"line":4,"column":102}},"4":{"start":{"line":16,"column":7},"end":{"line":16,"column":null}},"5":{"start":{"line":16,"column":13},"end":{"line":16,"column":null}},"6":{"start":{"line":16,"column":13},"end":{"line":16,"column":27}}},"fnMap":{},"branchMap":{},"s":{"0":0,"1":0,"2":0,"3":0,"4":0,"5":0,"6":0},"f":{},"b":{}}
,"C:\\Users\\wilro\\vscode\\JS\\Projetos\\001-JS_Projects\\Ignite_Lab\\notifications-service\\src\\infra\\database\\prisma\\prisma.service.ts": {"path":"C:\\Users\\wilro\\vscode\\JS\\Projetos\\001-JS_Projects\\Ignite_Lab\\notifications-service\\src\\infra\\database\\prisma\\prisma.service.ts","statementMap":{"0":{"start":{"line":1,"column":0},"end":{"line":1,"column":76}},"1":{"start":{"line":2,"column":0},"end":{"line":2,"column":46}},"2":{"start":{"line":5,"column":7},"end":{"line":15,"column":null}},"3":{"start":{"line":7,"column":4},"end":{"line":7,"column":26}},"4":{"start":{"line":11,"column":4},"end":{"line":13,"column":7}},"5":{"start":{"line":12,"column":6},"end":{"line":12,"column":24}},"6":{"start":{"line":5,"column":13},"end":{"line":15,"column":null}},"7":{"start":{"line":5,"column":13},"end":{"line":5,"column":26}}},"fnMap":{"0":{"name":"(anonymous_1)","decl":{"start":{"line":6,"column":2},"end":{"line":6,"column":7}},"loc":{"start":{"line":6,"column":20},"end":{"line":8,"column":3}}},"1":{"name":"(anonymous_2)","decl":{"start":{"line":10,"column":2},"end":{"line":10,"column":7}},"loc":{"start":{"line":10,"column":49},"end":{"line":14,"column":3}}},"2":{"name":"(anonymous_3)","decl":{"start":{"line":11,"column":27},"end":{"line":11,"column":32}},"loc":{"start":{"line":11,"column":38},"end":{"line":13,"column":5}}}},"branchMap":{},"s":{"0":0,"1":0,"2":0,"3":0,"4":0,"5":0,"6":0,"7":0},"f":{"0":0,"1":0,"2":0},"b":{}}
,"C:\\Users\\wilro\\vscode\\JS\\Projetos\\001-JS_Projects\\Ignite_Lab\\notifications-service\\src\\infra\\database\\prisma\\repositories\\prisma-notifications-repository.ts": {"path":"C:\\Users\\wilro\\vscode\\JS\\Projetos\\001-JS_Projects\\Ignite_Lab\\notifications-service\\src\\infra\\database\\prisma\\repositories\\prisma-notifications-repository.ts","statementMap":{"0":{"start":{"line":1,"column":0},"end":{"line":1,"column":44}},"1":{"start":{"line":4,"column":0},"end":{"line":4,"column":50}},"2":{"start":{"line":7,"column":7},"end":{"line":21,"column":null}},"3":{"start":{"line":8,"column":22},"end":{"line":8,"column":37}},"4":{"start":{"line":10,"column":4},"end":{"line":19,"column":7}},"5":{"start":{"line":7,"column":13},"end":{"line":21,"column":null}},"6":{"start":{"line":7,"column":13},"end":{"line":7,"column":42}}},"fnMap":{"0":{"name":"(anonymous_2)","decl":{"start":{"line":8,"column":2},"end":{"line":8,"column":22}},"loc":{"start":{"line":8,"column":50},"end":{"line":8,"column":54}}},"1":{"name":"(anonymous_3)","decl":{"start":{"line":9,"column":2},"end":{"line":9,"column":7}},"loc":{"start":{"line":9,"column":41},"end":{"line":20,"column":3}}}},"branchMap":{},"s":{"0":0,"1":0,"2":0,"3":0,"4":0,"5":0,"6":0},"f":{"0":0,"1":0},"b":{}}
,"C:\\Users\\wilro\\vscode\\JS\\Projetos\\001-JS_Projects\\Ignite_Lab\\notifications-service\\src\\infra\\http\\http.module.ts": {"path":"C:\\Users\\wilro\\vscode\\JS\\Projetos\\001-JS_Projects\\Ignite_Lab\\notifications-service\\src\\infra\\http\\http.module.ts","statementMap":{"0":{"start":{"line":1,"column":0},"end":{"line":1,"column":40}},"1":{"start":{"line":2,"column":0},"end":{"line":2,"column":80}},"2":{"start":{"line":3,"column":0},"end":{"line":3,"column":61}},"3":{"start":{"line":4,"column":0},"end":{"line":4,"column":81}},"4":{"start":{"line":11,"column":7},"end":{"line":11,"column":null}},"5":{"start":{"line":11,"column":13},"end":{"line":11,"column":null}},"6":{"start":{"line":11,"column":13},"end":{"line":11,"column":23}}},"fnMap":{},"branchMap":{},"s":{"0":0,"1":0,"2":0,"3":0,"4":0,"5":0,"6":0},"f":{},"b":{}}
,"C:\\Users\\wilro\\vscode\\JS\\Projetos\\001-JS_Projects\\Ignite_Lab\\notifications-service\\src\\infra\\http\\controllers\\notifications.controller.ts": {"path":"C:\\Users\\wilro\\vscode\\JS\\Projetos\\001-JS_Projects\\Ignite_Lab\\notifications-service\\src\\infra\\http\\controllers\\notifications.controller.ts","statementMap":{"0":{"start":{"line":1,"column":0},"end":{"line":1,"column":56}},"1":{"start":{"line":2,"column":0},"end":{"line":2,"column":74}},"2":{"start":{"line":3,"column":0},"end":{"line":3,"column":80}},"3":{"start":{"line":6,"column":7},"end":{"line":18,"column":null}},"4":{"start":{"line":7,"column":22},"end":{"line":7,"column":40}},"5":{"start":{"line":10,"column":47},"end":{"line":10,"column":51}},"6":{"start":{"line":12,"column":15},"end":{"line":16,"column":6}},"7":{"start":{"line":9,"column":8},"end":{"line":17,"column":null}},"8":{"start":{"line":6,"column":13},"end":{"line":18,"column":null}},"9":{"start":{"line":6,"column":13},"end":{"line":6,"column":36}}},"fnMap":{"0":{"name":"(anonymous_4)","decl":{"start":{"line":7,"column":2},"end":{"line":7,"column":22}},"loc":{"start":{"line":7,"column":56},"end":{"line":7,"column":60}}},"1":{"name":"(anonymous_5)","decl":{"start":{"line":9,"column":2},"end":{"line":9,"column":7}},"loc":{"start":{"line":9,"column":51},"end":{"line":17,"column":3}}}},"branchMap":{},"s":{"0":0,"1":0,"2":0,"3":0,"4":0,"5":0,"6":0,"7":0,"8":0,"9":0},"f":{"0":0,"1":0},"b":{}}
,"C:\\Users\\wilro\\vscode\\JS\\Projetos\\001-JS_Projects\\Ignite_Lab\\notifications-service\\src\\infra\\http\\dtos\\create-notification-body.ts": {"path":"C:\\Users\\wilro\\vscode\\JS\\Projetos\\001-JS_Projects\\Ignite_Lab\\notifications-service\\src\\infra\\http\\dtos\\create-notification-body.ts","statementMap":{"0":{"start":{"line":1,"column":0},"end":{"line":1,"column":61}},"1":{"start":{"line":4,"column":2},"end":{"line":6,"column":null}},"2":{"start":{"line":8,"column":2},"end":{"line":10,"column":null}},"3":{"start":{"line":12,"column":2},"end":{"line":14,"column":null}},"4":{"start":{"line":3,"column":0},"end":{"line":3,"column":13}}},"fnMap":{},"branchMap":{},"s":{"0":0,"1":0,"2":0,"3":0,"4":0},"f":{},"b":{}}
}
